<?xml version="1.0" encoding="UTF-8"?>
<!-- Generated by org.testng.reporters.JUnitReportReporter -->
<testsuite hostname="LAPTOP-P05SA00D" failures="0" tests="1" name="com.tutorialsninjamentoring.Flipkart" time="11.089" errors="0" timestamp="2023-08-08T15:19:08 PDT" skipped="0">
  <testcase classname="com.tutorialsninjamentoring.Flipkart" name="flipkartTest" time="11.089"/>
</testsuite> <!-- com.tutorialsninjamentoring.Flipkart -->
