<?xml version="1.0" encoding="UTF-8"?>
<!-- Generated by org.testng.reporters.JUnitReportReporter -->
<testsuite hostname="LAPTOP-P05SA00D" failures="0" tests="12" name="com.tutorialsninjamentoring.TutorialsLoginT" time="113.230" errors="0" timestamp="2023-08-08T17:51:35 PDT" skipped="0">
  <testcase classname="com.tutorialsninjamentoring.TutorialsLoginT" name="setUp" time="8.975"/>
  <testcase classname="com.tutorialsninjamentoring.TutorialsLoginT" name="setUp" time="12.197"/>
  <testcase classname="com.tutorialsninjamentoring.TutorialsLoginT" name="setUp" time="8.833"/>
  <testcase classname="com.tutorialsninjamentoring.TutorialsLoginT" name="setUp" time="10.155"/>
  <testcase classname="com.tutorialsninjamentoring.TutorialsLoginT" name="setUp" time="8.757"/>
  <testcase classname="com.tutorialsninjamentoring.TutorialsLoginT" name="setUp" time="8.425"/>
  <testcase classname="com.tutorialsninjamentoring.TutorialsLoginT" name="setUp" time="8.528"/>
  <testcase classname="com.tutorialsninjamentoring.TutorialsLoginT" name="setUp" time="8.248"/>
  <testcase classname="com.tutorialsninjamentoring.TutorialsLoginT" name="setUp" time="8.368"/>
  <testcase classname="com.tutorialsninjamentoring.TutorialsLoginT" name="setUp" time="10.665"/>
  <testcase classname="com.tutorialsninjamentoring.TutorialsLoginT" name="setUp" time="11.875"/>
  <testcase classname="com.tutorialsninjamentoring.TutorialsLoginT" name="setUp" time="8.204"/>
</testsuite> <!-- com.tutorialsninjamentoring.TutorialsLoginT -->
