<?xml version="1.0" encoding="UTF-8"?>
<!-- Generated by org.testng.reporters.JUnitReportReporter -->
<testsuite hostname="LAPTOP-P05SA00D" failures="0" tests="1" name="com.tutorialsninjamentoring.FacebookRegisteration" time="6.178" errors="0" timestamp="2023-08-07T21:21:09 PDT" skipped="0">
  <testcase classname="com.tutorialsninjamentoring.FacebookRegisteration" name="openUrl" time="6.178"/>
</testsuite> <!-- com.tutorialsninjamentoring.FacebookRegisteration -->
