<?xml version="1.0" encoding="UTF-8"?>
<!-- Generated by org.testng.reporters.JUnitReportReporter -->
<testsuite hostname="LAPTOP-P05SA00D" failures="0" tests="1" name="com.tutorialsninjamentoring.TryTestingThisTest" time="3.438" errors="0" timestamp="2023-08-08T17:12:31 PDT" skipped="0">
  <testcase classname="com.tutorialsninjamentoring.TryTestingThisTest" name="openUrl" time="3.438"/>
</testsuite> <!-- com.tutorialsninjamentoring.TryTestingThisTest -->
