<?xml version="1.0" encoding="UTF-8"?>
<!-- Generated by org.testng.reporters.JUnitReportReporter -->
<testsuite hostname="LAPTOP-P05SA00D" failures="0" tests="1" name="com.tutorialsninjamentoring.FlipKartttt" time="12.544" errors="0" timestamp="2023-08-08T18:08:07 PDT" skipped="0">
  <testcase classname="com.tutorialsninjamentoring.FlipKartttt" name="flipkartECommerce" time="12.544"/>
  <system-out/>
</testsuite> <!-- com.tutorialsninjamentoring.FlipKartttt -->
