<?xml version="1.0" encoding="UTF-8"?>
<!-- Generated by org.testng.reporters.JUnitReportReporter -->
<testsuite hostname="LAPTOP-P05SA00D" failures="0" tests="12" name="com.tutorialsninjamentoring.TutorialsLoginT" time="94.179" errors="0" timestamp="2023-08-08T18:08:07 PDT" skipped="0">
  <testcase classname="com.tutorialsninjamentoring.TutorialsLoginT" name="setUp" time="7.381"/>
  <system-out/>
  <testcase classname="com.tutorialsninjamentoring.TutorialsLoginT" name="setUp" time="8.145"/>
  <system-out/>
  <testcase classname="com.tutorialsninjamentoring.TutorialsLoginT" name="setUp" time="7.114"/>
  <system-out/>
  <testcase classname="com.tutorialsninjamentoring.TutorialsLoginT" name="setUp" time="7.558"/>
  <system-out/>
  <testcase classname="com.tutorialsninjamentoring.TutorialsLoginT" name="setUp" time="7.690"/>
  <system-out/>
  <testcase classname="com.tutorialsninjamentoring.TutorialsLoginT" name="setUp" time="7.809"/>
  <system-out/>
  <testcase classname="com.tutorialsninjamentoring.TutorialsLoginT" name="setUp" time="7.135"/>
  <system-out/>
  <testcase classname="com.tutorialsninjamentoring.TutorialsLoginT" name="setUp" time="6.975"/>
  <system-out/>
  <testcase classname="com.tutorialsninjamentoring.TutorialsLoginT" name="setUp" time="9.941"/>
  <system-out/>
  <testcase classname="com.tutorialsninjamentoring.TutorialsLoginT" name="setUp" time="7.822"/>
  <system-out/>
  <testcase classname="com.tutorialsninjamentoring.TutorialsLoginT" name="setUp" time="7.404"/>
  <system-out/>
  <testcase classname="com.tutorialsninjamentoring.TutorialsLoginT" name="setUp" time="9.205"/>
  <system-out/>
</testsuite> <!-- com.tutorialsninjamentoring.TutorialsLoginT -->
